Using pre-set license
Built from '2020.3/staging' branch; Version is '2020.3.13f1 (71691879b7f5) revision 7432472'; Using compiler version '192528614'; Build Type 'Release'
OS: 'Windows 10 Home; OS build 19042.1237; Version 2009; 64bit' Language: 'en' Physical Memory: 8109 MB
BatchMode: 1, IsHumanControllingUs: 0, StartBugReporterOnCrash: 0, Is64bit: 1, IsPro: 0

 COMMAND LINE ARGUMENTS:
C:\Program Files\Unity\Hub\Editor\2020.3.13f1\Editor\Unity.exe
-adb2
-batchMode
-noUpm
-name
AssetImportWorker0
-projectPath
C:/Users/cghal/OneDrive/Desktop/Unity Projects/Ghouilsh
-logFile
Logs/AssetImportWorker0.log
-srvPort
1121
Successfully changed project path to: C:/Users/cghal/OneDrive/Desktop/Unity Projects/Ghouilsh
C:/Users/cghal/OneDrive/Desktop/Unity Projects/Ghouilsh
Using Asset Import Pipeline V2.
Refreshing native plugins compatible for Editor in 227.86 ms, found 3 plugins.
Preloading 0 native plugins for Editor in 0.00 ms.
Initialize engine version: 2020.3.13f1 (71691879b7f5)
[Subsystems] Discovering subsystems at path C:/Program Files/Unity/Hub/Editor/2020.3.13f1/Editor/Data/Resources/UnitySubsystems
[Subsystems] Discovering subsystems at path C:/Users/cghal/OneDrive/Desktop/Unity Projects/Ghouilsh/Assets
GfxDevice: creating device client; threaded=0
Direct3D:
    Version:  Direct3D 11.0 [level 11.1]
    Renderer: Intel(R) UHD Graphics 620 (ID=0x5917)
    Vendor:   
    VRAM:     4054 MB
    Driver:   27.20.100.8681
Initialize mono
Mono path[0] = 'C:/Program Files/Unity/Hub/Editor/2020.3.13f1/Editor/Data/Managed'
Mono path[1] = 'C:/Program Files/Unity/Hub/Editor/2020.3.13f1/Editor/Data/MonoBleedingEdge/lib/mono/unityjit'
Mono config path = 'C:/Program Files/Unity/Hub/Editor/2020.3.13f1/Editor/Data/MonoBleedingEdge/etc'
Using monoOptions --debugger-agent=transport=dt_socket,embedding=1,server=y,suspend=n,address=127.0.0.1:56632
Begin MonoManager ReloadAssembly
Registering precompiled unity dll's ...
Register platform support module: C:/Program Files/Unity/Hub/Editor/2020.3.13f1/Editor/Data/PlaybackEngines/WebGLSupport/UnityEditor.WebGL.Extensions.dll
Register platform support module: C:/Program Files/Unity/Hub/Editor/2020.3.13f1/Editor/Data/PlaybackEngines/WindowsStandaloneSupport/UnityEditor.WindowsStandalone.Extensions.dll
Registered in 0.013680 seconds.
Native extension for WindowsStandalone target not found
Native extension for WebGL target not found
Refreshing native plugins compatible for Editor in 156.64 ms, found 3 plugins.
Preloading 0 native plugins for Editor in 0.00 ms.
Mono: successfully reloaded assembly
- Completed reload, in 11.597 seconds
Platform modules already initialized, skipping
Registering precompiled user dll's ...
Registered in 0.036519 seconds.
Begin MonoManager ReloadAssembly
Native extension for WindowsStandalone target not found
Native extension for WebGL target not found
Refreshing native plugins compatible for Editor in 167.03 ms, found 3 plugins.
Preloading 0 native plugins for Editor in 0.00 ms.
Mono: successfully reloaded assembly
- Completed reload, in  4.574 seconds
Platform modules already initialized, skipping
========================================================================
Worker process is ready to serve import requests
Launched and connected shader compiler UnityShaderCompiler.exe after 0.14 seconds
Refreshing native plugins compatible for Editor in 1.37 ms, found 3 plugins.
Preloading 0 native plugins for Editor in 0.00 ms.
Unloading 2162 Unused Serialized files (Serialized files now loaded: 0)
System memory in use before: 97.0 MB.
System memory in use after: 97.0 MB.

Unloading 29 unused Assets to reduce memory usage. Loaded Objects now: 2601.
Total: 5.799700 ms (FindLiveObjects: 0.429500 ms CreateObjectMapping: 0.217800 ms MarkObjects: 4.927800 ms  DeleteObjects: 0.221700 ms)

AssetImportParameters requested are different than current active one (requested -> active):
  custom:framework-win-MediaFoundation: 216162199b28c13a410421893ffa2e32 -> 
  custom:video-decoder-ogg-theora: a1e56fd34408186e4bbccfd4996cb3dc -> 
  custom:container-muxer-webm: aa71ff27fc2769a1b78a27578f13a17b -> 
  custom:container-demuxer-webm: 4f35f7cbe854078d1ac9338744f61a02 -> 
  custom:container-demuxer-ogg: 62fdf1f143b41e24485cea50d1cbac27 -> 
  custom:video-encoder-webm-vp8: eb34c28f22e8b96e1ab97ce403110664 -> 
  custom:video-codec-MediaFoundation-h265: 746d11721c4dcdbdad8f713fa42b33f4 -> 
  custom:video-decoder-webm-vp8: 9c59270c3fd7afecdb556c50c9e8de78 -> 
  custom:audio-decoder-ogg-vorbis: bf7c407c2cedff20999df2af8eb42d56 -> 
  custom:audio-encoder-webm-vorbis: bf7c407c2cedff20999df2af8eb42d56 -> 
========================================================================
Received Import Request.
  path: Assets/Scripts/Parallax.cs
  artifactKey: Guid(2e074616a3564cd4e95be541afc5ef1b) Importer(815301076,1909f56bfc062723c751e8b465ee728b)
Start importing Assets/Scripts/Parallax.cs using Guid(2e074616a3564cd4e95be541afc5ef1b) Importer(815301076,1909f56bfc062723c751e8b465ee728b)  -> (artifact id: 'd17bebcae295af740ab3593209cf6994') in 0.131791 seconds 
  Import took 0.155347 seconds .

========================================================================
Received Import Request.
  Time since last request: 0.000907 seconds.
  path: Assets/Scripts/Weapon.cs
  artifactKey: Guid(481528f96c3928f44a3d2b517b1b739d) Importer(815301076,1909f56bfc062723c751e8b465ee728b)
Start importing Assets/Scripts/Weapon.cs using Guid(481528f96c3928f44a3d2b517b1b739d) Importer(815301076,1909f56bfc062723c751e8b465ee728b)  -> (artifact id: '1604241a5fc753e0bc4c33f165c8d3dd') in 0.020824 seconds 
  Import took 0.041508 seconds .

========================================================================
Received Import Request.
  Time since last request: 0.000554 seconds.
  path: Assets/Scripts/RestartScreen.cs
  artifactKey: Guid(f3052d4380d55ac4aa47b9cf11b7c66e) Importer(815301076,1909f56bfc062723c751e8b465ee728b)
Start importing Assets/Scripts/RestartScreen.cs using Guid(f3052d4380d55ac4aa47b9cf11b7c66e) Importer(815301076,1909f56bfc062723c751e8b465ee728b)  -> (artifact id: '47601210c8406a745a4c701980336bdc') in 0.022270 seconds 
  Import took 0.048990 seconds .

========================================================================
Received Import Request.
  Time since last request: 0.000786 seconds.
  path: Assets/Scripts/Wave.cs
  artifactKey: Guid(4ee37a16b4aee7842a3e44e814fff0b0) Importer(815301076,1909f56bfc062723c751e8b465ee728b)
Start importing Assets/Scripts/Wave.cs using Guid(4ee37a16b4aee7842a3e44e814fff0b0) Importer(815301076,1909f56bfc062723c751e8b465ee728b)  -> (artifact id: 'cde2862b217ec3fc62968d9fb2bc9a3f') in 0.025039 seconds 
  Import took 0.042761 seconds .

========================================================================
Received Import Request.
  Time since last request: 12.431333 seconds.
  path: Assets/Scripts/Player.cs
  artifactKey: Guid(4d863a0b8607d41449ba6a74a3c9c20c) Importer(815301076,1909f56bfc062723c751e8b465ee728b)
Start importing Assets/Scripts/Player.cs using Guid(4d863a0b8607d41449ba6a74a3c9c20c) Importer(815301076,1909f56bfc062723c751e8b465ee728b)  -> (artifact id: '55adb8d6bd6b722d5e8af39e122571e5') in 0.020969 seconds 
  Import took 0.046867 seconds .

========================================================================
Received Import Request.
  Time since last request: 0.006629 seconds.
  path: Assets/Scripts/Player.cs
  artifactKey: Guid(4d863a0b8607d41449ba6a74a3c9c20c) Importer(815301076,1909f56bfc062723c751e8b465ee728b)
Start importing Assets/Scripts/Player.cs using Guid(4d863a0b8607d41449ba6a74a3c9c20c) Importer(815301076,1909f56bfc062723c751e8b465ee728b)  -> (artifact id: '55adb8d6bd6b722d5e8af39e122571e5') in 0.009156 seconds 
  Import took 0.030426 seconds .

========================================================================
Received Import Request.
  Time since last request: 8.153075 seconds.
  path: Assets/Scripts/MetricManager.cs
  artifactKey: Guid(c24e3951aa994f8409a9f1ce0ed2e40f) Importer(815301076,1909f56bfc062723c751e8b465ee728b)
Start importing Assets/Scripts/MetricManager.cs using Guid(c24e3951aa994f8409a9f1ce0ed2e40f) Importer(815301076,1909f56bfc062723c751e8b465ee728b)  -> (artifact id: '298c60eb7367a7baa34d8b474fdfd6ee') in 0.018913 seconds 
  Import took 0.039966 seconds .

========================================================================
Received Import Request.
  Time since last request: 5.994959 seconds.
  path: Assets/Scripts/EnemyAI.cs
  artifactKey: Guid(0ceac795c1f9a7e4a9dd8ebc7372e64d) Importer(815301076,1909f56bfc062723c751e8b465ee728b)
Start importing Assets/Scripts/EnemyAI.cs using Guid(0ceac795c1f9a7e4a9dd8ebc7372e64d) Importer(815301076,1909f56bfc062723c751e8b465ee728b)  -> (artifact id: '368fa487bad2f6e0928f8e862e5c4e7f') in 0.022060 seconds 
  Import took 0.045948 seconds .

========================================================================
Received Import Request.
  Time since last request: 0.001901 seconds.
  path: Assets/Scripts/EnemyAI.cs
  artifactKey: Guid(0ceac795c1f9a7e4a9dd8ebc7372e64d) Importer(815301076,1909f56bfc062723c751e8b465ee728b)
Start importing Assets/Scripts/EnemyAI.cs using Guid(0ceac795c1f9a7e4a9dd8ebc7372e64d) Importer(815301076,1909f56bfc062723c751e8b465ee728b)  -> (artifact id: '368fa487bad2f6e0928f8e862e5c4e7f') in 0.018580 seconds 
  Import took 0.043270 seconds .

========================================================================
Received Import Request.
  Time since last request: 481.401368 seconds.
  path: Assets/Scripts/Container.cs
  artifactKey: Guid(e73d247dda1b15b40b8e895458faba86) Importer(815301076,1909f56bfc062723c751e8b465ee728b)
Start importing Assets/Scripts/Container.cs using Guid(e73d247dda1b15b40b8e895458faba86) Importer(815301076,1909f56bfc062723c751e8b465ee728b)  -> (artifact id: '142f6ca09c0745540c734f5a4867ef11') in 0.022954 seconds 
  Import took 0.044274 seconds .

========================================================================
Received Import Request.
  Time since last request: 0.948653 seconds.
  path: Assets/Scripts/Chest.cs
  artifactKey: Guid(6327cad4e6ec87449af11b3fccfc9145) Importer(815301076,1909f56bfc062723c751e8b465ee728b)
Start importing Assets/Scripts/Chest.cs using Guid(6327cad4e6ec87449af11b3fccfc9145) Importer(815301076,1909f56bfc062723c751e8b465ee728b)  -> (artifact id: 'da54917a8cd566d5fa8bbe5baf20d061') in 0.044051 seconds 
  Import took 0.100735 seconds .

========================================================================
Received Prepare
Trying to reload asset but can't find object on disk

Trying to reload asset but can't find object on disk

Trying to reload asset but can't find object on disk

Trying to reload asset but can't find object on disk

Trying to reload asset but can't find object on disk

Trying to reload asset but can't find object on disk

Trying to reload asset but can't find object on disk

Trying to reload asset but can't find object on disk

Trying to reload asset but can't find object on disk

Trying to reload asset but can't find object on disk

Trying to reload asset but can't find object on disk

Trying to reload asset but can't find object on disk

Trying to reload asset but can't find object on disk

Trying to reload asset but can't find object on disk

Trying to reload asset but can't find object on disk

Trying to reload asset but can't find object on disk

Trying to reload asset but can't find object on disk

Trying to reload asset but can't find object on disk

Registering precompiled user dll's ...
Registered in 0.022821 seconds.
Begin MonoManager ReloadAssembly
Native extension for WindowsStandalone target not found
Native extension for WebGL target not found
Refreshing native plugins compatible for Editor in 159.69 ms, found 2 plugins.
Preloading 0 native plugins for Editor in 0.00 ms.
Mono: successfully reloaded assembly
- Completed reload, in  4.539 seconds
Platform modules already initialized, skipping
Refreshing native plugins compatible for Editor in 0.66 ms, found 2 plugins.
Preloading 0 native plugins for Editor in 0.00 ms.
Unloading 1384 Unused Serialized files (Serialized files now loaded: 0)
System memory in use before: 79.8 MB.
System memory in use after: 79.9 MB.

Unloading 271 unused Assets to reduce memory usage. Loaded Objects now: 2343.
Total: 5.525800 ms (FindLiveObjects: 0.397100 ms CreateObjectMapping: 0.170100 ms MarkObjects: 4.735200 ms  DeleteObjects: 0.221100 ms)

AssetImportParameters requested are different than current active one (requested -> active):
  custom:framework-win-MediaFoundation: 216162199b28c13a410421893ffa2e32 -> 
  custom:video-decoder-ogg-theora: a1e56fd34408186e4bbccfd4996cb3dc -> 
  custom:container-muxer-webm: aa71ff27fc2769a1b78a27578f13a17b -> 
  custom:container-demuxer-webm: 4f35f7cbe854078d1ac9338744f61a02 -> 
  custom:container-demuxer-ogg: 62fdf1f143b41e24485cea50d1cbac27 -> 
  custom:video-encoder-webm-vp8: eb34c28f22e8b96e1ab97ce403110664 -> 
  custom:video-codec-MediaFoundation-h265: 746d11721c4dcdbdad8f713fa42b33f4 -> 
  custom:video-decoder-webm-vp8: 9c59270c3fd7afecdb556c50c9e8de78 -> 
  custom:audio-decoder-ogg-vorbis: bf7c407c2cedff20999df2af8eb42d56 -> 
  custom:audio-encoder-webm-vorbis: bf7c407c2cedff20999df2af8eb42d56 -> 
AssetImportWorkerClient::OnTransportError - code=2 error=End of file
